Deploy Time: 19:29:52 GMT-0400 (Eastern Daylight Time)
SNIP20_CODE_ID="21384"
SNIP20_CODE_HASH="0bbaa17a6bd4533f5dc3eae14bfd1152891edaabcc0d767f611bb70437b3a159"
TOKENX_SYMBOL="TOKENX"
TOKENX_CONTRACT_ADDRESS="secret1jm4t9at03y2ffxwqlek9la58m90y7wvr8fvt5x"
TOKENX_CODE_HASH="0bbaa17a6bd4533f5dc3eae14bfd1152891edaabcc0d767f611bb70437b3a159"
TOKENY_SYMBOL="TOKENX"
TOKENY_CONTRACT_ADDRESS="secret108htfk68emyj9ylz5rl9ras36n9usaut0hk795"
TOKENY_CODE_HASH="0bbaa17a6bd4533f5dc3eae14bfd1152891edaabcc0d767f611bb70437b3a159"
LB_FACTORY_ADDRESS="secret1x6umu6kaepx34jgg5jcts96szukuwhtfynnw3h"
LB_FACTORY_CODE_HASH="79b53e4bf420f1aa38cf66a5a209064129c402a2aa31674290eaaa022617ce0f"
LB_ROUTER_ADDRESS="secret1uvm2ak4m70kevkrx4a2gqdea8dcj2jvp8xjr7e"
LB_ROUTER_CODE_HASH="31c78840211a29b5502c80c3d306f87aa475f9b43601582efb73b6ff770e871b"
LB_PAIR_CODE_ID=21387
LB_PAIR_CODE_HASH="aff1a59f3886b7f0a2d20e8ac9ed3628fd11d4b7df2e6a69ebd7cb481b03c70f"
LB_TOKEN_CODE_ID=21388
LB_TOKEN_CODE_HASH="477ddc2bd7f66f49b3e915b5b2cf58313c8ed2e288c425b21fd89aa56ea9c4af"



Deploy Time: 22:55:59 GMT-0400 (Eastern Daylight Time)
SNIP20_CODE_ID="21398"
SNIP20_CODE_HASH="0bbaa17a6bd4533f5dc3eae14bfd1152891edaabcc0d767f611bb70437b3a159"
TOKENX_SYMBOL="TOKENX"
TOKENX_CONTRACT_ADDRESS="secret176rastfm8pnj56vcuv20hcnezze4pjw63as2ee"
TOKENX_CODE_HASH="0bbaa17a6bd4533f5dc3eae14bfd1152891edaabcc0d767f611bb70437b3a159"
TOKENY_SYMBOL="TOKENX"
TOKENY_CONTRACT_ADDRESS="secret1j53qk9jfdxtl57pc42r0vnv4xzujpsl3whm4zu"
TOKENY_CODE_HASH="0bbaa17a6bd4533f5dc3eae14bfd1152891edaabcc0d767f611bb70437b3a159"
LB_FACTORY_ADDRESS="secret1kcwg3x4rhlk3zp2t3pc6f33rckyh99x7mrsgwq"
LB_FACTORY_CODE_HASH="79b53e4bf420f1aa38cf66a5a209064129c402a2aa31674290eaaa022617ce0f"
LB_ROUTER_ADDRESS="secret1tvqx0a07azs3ytvthln5dncqc6mdx4rszzqhnj"
LB_ROUTER_CODE_HASH="31c78840211a29b5502c80c3d306f87aa475f9b43601582efb73b6ff770e871b"
LB_PAIR_CODE_ID=21401
LB_PAIR_CODE_HASH="aff1a59f3886b7f0a2d20e8ac9ed3628fd11d4b7df2e6a69ebd7cb481b03c70f"
LB_TOKEN_CODE_ID=21402
LB_TOKEN_CODE_HASH="477ddc2bd7f66f49b3e915b5b2cf58313c8ed2e288c425b21fd89aa56ea9c4af"
LB_PAIR_ADDRESS="secret1vtaj0fdcsdj45h4mhflzl40cl3y9vardjp0u5c"



Deploy Time: 23:35:39 GMT-0400 (Eastern Daylight Time)
SNIP20_CODE_ID="21403"
SNIP20_CODE_HASH="0bbaa17a6bd4533f5dc3eae14bfd1152891edaabcc0d767f611bb70437b3a159"
TOKENX_SYMBOL="TOKENX"
TOKENX_CONTRACT_ADDRESS="secret1u55aks6nkmnqeryj53827t3cyn8djmd8n2ayn2"
TOKENX_CODE_HASH="0bbaa17a6bd4533f5dc3eae14bfd1152891edaabcc0d767f611bb70437b3a159"
TOKENY_SYMBOL="TOKENX"
TOKENY_CONTRACT_ADDRESS="secret1aup8mydv86hkawfaqsv7wrlsls88w5w5lqvemt"
TOKENY_CODE_HASH="0bbaa17a6bd4533f5dc3eae14bfd1152891edaabcc0d767f611bb70437b3a159"
LB_FACTORY_ADDRESS="secret1fl33lrslp9hecxmpfsdz6e0c49waqx6ctwu2dd"
LB_FACTORY_CODE_HASH="79b53e4bf420f1aa38cf66a5a209064129c402a2aa31674290eaaa022617ce0f"
LB_ROUTER_ADDRESS="secret1z4y2ch589xd5ncdtlttcm9s9ggqn0zq82w0278"
LB_ROUTER_CODE_HASH="31c78840211a29b5502c80c3d306f87aa475f9b43601582efb73b6ff770e871b"
LB_PAIR_CODE_ID=21406
LB_PAIR_CODE_HASH="aff1a59f3886b7f0a2d20e8ac9ed3628fd11d4b7df2e6a69ebd7cb481b03c70f"
LB_TOKEN_CODE_ID=21407
LB_TOKEN_CODE_HASH="477ddc2bd7f66f49b3e915b5b2cf58313c8ed2e288c425b21fd89aa56ea9c4af"
LB_PAIR_ADDRESS="secret15ev0zs0vypqu63uu2am5q60f2gmtqjdnhqkpt6"



Deploy Time: 00:31:40 GMT-0400 (Eastern Daylight Time)
SNIP20_CODE_ID="21414"
SNIP20_CODE_HASH="0bbaa17a6bd4533f5dc3eae14bfd1152891edaabcc0d767f611bb70437b3a159"
TOKENX_SYMBOL="TOKENX"
TOKENX_CONTRACT_ADDRESS="secret1df5fcntkp6uq9xewgy0ny0qzhj7v5n0akdkncc"
TOKENX_CODE_HASH="0bbaa17a6bd4533f5dc3eae14bfd1152891edaabcc0d767f611bb70437b3a159"
TOKENY_SYMBOL="TOKENX"
TOKENY_CONTRACT_ADDRESS="secret16hva9450fznfe95yp4m6ejdc0ruuhu0z9633dd"
TOKENY_CODE_HASH="0bbaa17a6bd4533f5dc3eae14bfd1152891edaabcc0d767f611bb70437b3a159"
LB_FACTORY_ADDRESS="secret1rulnrdpjxz6pcwfmenqxqfmw428lxtp4xs00fh"
LB_FACTORY_CODE_HASH="79b53e4bf420f1aa38cf66a5a209064129c402a2aa31674290eaaa022617ce0f"
LB_ROUTER_ADDRESS="secret10cz2nvw3tzjzvhwnw9m0hm484a9tunnhyttmpl"
LB_ROUTER_CODE_HASH="31c78840211a29b5502c80c3d306f87aa475f9b43601582efb73b6ff770e871b"
LB_PAIR_CODE_ID=21417
LB_PAIR_CODE_HASH="aff1a59f3886b7f0a2d20e8ac9ed3628fd11d4b7df2e6a69ebd7cb481b03c70f"
LB_TOKEN_CODE_ID=21418
LB_TOKEN_CODE_HASH="477ddc2bd7f66f49b3e915b5b2cf58313c8ed2e288c425b21fd89aa56ea9c4af"
LB_PAIR_ADDRESS="secret1vdp8lm27h7d906fg0d7g59jnn32sdl7x2m8sea"



Deploy Time: 03:26:52 GMT-0400 (Eastern Daylight Time)
SNIP20_CODE_ID="21443"
SNIP20_CODE_HASH="0bbaa17a6bd4533f5dc3eae14bfd1152891edaabcc0d767f611bb70437b3a159"
TOKENX_SYMBOL="TOKENX"
TOKENX_CONTRACT_ADDRESS="secret15yd3meqyvt0qmvetawyuepsugqperpvd4hfxp8"
TOKENX_CODE_HASH="0bbaa17a6bd4533f5dc3eae14bfd1152891edaabcc0d767f611bb70437b3a159"
TOKENY_SYMBOL="TOKENX"
TOKENY_CONTRACT_ADDRESS="secret1heu7gvxvlc9kkg535rpakq0pqnv8f4v3dw0ps2"
TOKENY_CODE_HASH="0bbaa17a6bd4533f5dc3eae14bfd1152891edaabcc0d767f611bb70437b3a159"
LB_FACTORY_ADDRESS="secret1pyzfrsj38r3z0sz2ddvlcpzcg94put7vg6e37s"
LB_FACTORY_CODE_HASH="79b53e4bf420f1aa38cf66a5a209064129c402a2aa31674290eaaa022617ce0f"
LB_ROUTER_ADDRESS="secret1j3zw70avjvlp6rwryyclj3ep4df9z77pu3ldln"
LB_ROUTER_CODE_HASH="0e7aea17803b224870b92627b78d4e88524df18c8d84d72d9ebad0f17fad3285"
LB_PAIR_CODE_ID=21446
LB_PAIR_CODE_HASH="a2248a4ba50ac631d86d2d238b9e5124c31f77eeae05c38953eb3f6c0bd73af7"
LB_TOKEN_CODE_ID=21447
LB_TOKEN_CODE_HASH="477ddc2bd7f66f49b3e915b5b2cf58313c8ed2e288c425b21fd89aa56ea9c4af"
LB_PAIR_ADDRESS="secret10lsnx5n6hxc37cfxnhkmp6t2sjfh3s9jheqg64"



Deploy Time: 13:15:27 GMT-0400 (Eastern Daylight Time)
SNIP20_CODE_ID="21455"
SNIP20_CODE_HASH="0bbaa17a6bd4533f5dc3eae14bfd1152891edaabcc0d767f611bb70437b3a159"
TOKENX_SYMBOL="TOKENX"
TOKENX_CONTRACT_ADDRESS="secret1fca000tzhltleaq4m6aymxqsez454sugxjfss9"
TOKENX_CODE_HASH="0bbaa17a6bd4533f5dc3eae14bfd1152891edaabcc0d767f611bb70437b3a159"
TOKENY_SYMBOL="TOKENX"
TOKENY_CONTRACT_ADDRESS="secret1acvjct6kkaxpzpw895xuxhus0vfmk4kurfupma"
TOKENY_CODE_HASH="0bbaa17a6bd4533f5dc3eae14bfd1152891edaabcc0d767f611bb70437b3a159"
LB_FACTORY_ADDRESS="secret1dx98v3ltt26qtlfeu5ryn2jvugh8xmmw986d8l"
LB_FACTORY_CODE_HASH="50a49438415c6a6b60e4f733647174f30fea062ba59bb1a8ed4c36d1fc06ff19"
LB_ROUTER_ADDRESS="secret1u9hmx8dz7agwl2qy2hj89786clsspaq7tmacx6"
LB_ROUTER_CODE_HASH="0e7aea17803b224870b92627b78d4e88524df18c8d84d72d9ebad0f17fad3285"
LB_PAIR_CODE_ID=21458
LB_PAIR_CODE_HASH="a2248a4ba50ac631d86d2d238b9e5124c31f77eeae05c38953eb3f6c0bd73af7"
LB_TOKEN_CODE_ID=21459
LB_TOKEN_CODE_HASH="477ddc2bd7f66f49b3e915b5b2cf58313c8ed2e288c425b21fd89aa56ea9c4af"
LB_PAIR_ADDRESS="secret1pdn37sf2sfmsce9zrlxh3zhm4fa8cly5glrlga"



